<?xml version="1.0" encoding="UTF-8"?>
<!-- Generated by org.testng.reporters.JUnitReportReporter -->
<testsuite skipped="0" hostname="03RNBL-14R0TQ1" name="TestScripts.Logintomakemytrip" tests="1" failures="0" timestamp="30 Mar 2018 22:32:42 GMT" time="19.524" errors="0">
  <testcase name="login" time="19.524" classname="TestScripts.Logintomakemytrip"/>
</testsuite> <!-- TestScripts.Logintomakemytrip -->
