<?xml version="1.0" encoding="UTF-8"?>
<!-- Generated by org.testng.reporters.JUnitReportReporter -->
<testsuite skipped="0" hostname="03RNBL-14R0TQ1" name="TestScripts.NewTest" tests="1" failures="0" timestamp="08 Mar 2018 21:12:50 GMT" time="0.010" errors="0">
  <testcase name="f" time="0.010" classname="TestScripts.NewTest"/>
</testsuite> <!-- TestScripts.NewTest -->
