<?xml version="1.0" encoding="UTF-8"?>
<!-- Generated by org.testng.reporters.JUnitReportReporter -->
<testsuite skipped="0" hostname="03RNBL-14R0TQ1" name="TestScripts.Makeabooking" tests="1" failures="0" timestamp="30 Mar 2018 22:32:42 GMT" time="89.803" errors="0">
  <testcase name="MakeBookings" time="89.803" classname="TestScripts.Makeabooking"/>
</testsuite> <!-- TestScripts.Makeabooking -->
