<?xml version="1.0" encoding="UTF-8"?>
<!-- Generated by org.testng.reporters.JUnitReportReporter -->
<testsuite skipped="0" hostname="03RNBL-14R0TQ1" name="TestScripts.TestClass" tests="1" failures="0" timestamp="07 Mar 2018 20:13:36 GMT" time="0.010" errors="0">
  <testcase name="add" time="0.010" classname="TestScripts.TestClass"/>
</testsuite> <!-- TestScripts.TestClass -->
